c:\users\tomislav\documents\visual studio 2015\projects\alphaengine\intermediate\vc140.pdb
c:\users\tomislav\documents\visual studio 2015\projects\alphaengine\intermediate\vc140.idb
c:\users\tomislav\documents\visual studio 2015\projects\alphaengine\intermediate\mainloop.obj
c:\users\tomislav\documents\visual studio 2015\projects\alphaengine\intermediate\scene.obj
c:\users\tomislav\documents\visual studio 2015\projects\alphaengine\intermediate\matrix3.obj
c:\users\tomislav\documents\visual studio 2015\projects\alphaengine\intermediate\matrix4.obj
c:\users\tomislav\documents\visual studio 2015\projects\alphaengine\intermediate\vector2.obj
c:\users\tomislav\documents\visual studio 2015\projects\alphaengine\intermediate\vector3.obj
c:\users\tomislav\documents\visual studio 2015\projects\alphaengine\intermediate\vector4.obj
c:\users\tomislav\documents\visual studio 2015\projects\alphaengine\intermediate\display.obj
c:\users\tomislav\documents\visual studio 2015\projects\alphaengine\intermediate\events.obj
c:\users\tomislav\documents\visual studio 2015\projects\alphaengine\intermediate\geometry.obj
c:\users\tomislav\documents\visual studio 2015\projects\alphaengine\intermediate\mesh.obj
c:\users\tomislav\documents\visual studio 2015\projects\alphaengine\intermediate\model.obj
c:\users\tomislav\documents\visual studio 2015\projects\alphaengine\intermediate\framebuffer.obj
c:\users\tomislav\documents\visual studio 2015\projects\alphaengine\intermediate\opengl.obj
c:\users\tomislav\documents\visual studio 2015\projects\alphaengine\intermediate\program.obj
c:\users\tomislav\documents\visual studio 2015\projects\alphaengine\intermediate\renderbuffer.obj
c:\users\tomislav\documents\visual studio 2015\projects\alphaengine\intermediate\shader.obj
c:\users\tomislav\documents\visual studio 2015\projects\alphaengine\intermediate\texture.obj
c:\users\tomislav\documents\visual studio 2015\projects\alphaengine\intermediate\vertexarray.obj
c:\users\tomislav\documents\visual studio 2015\projects\alphaengine\intermediate\vertexbuffer.obj
c:\users\tomislav\documents\visual studio 2015\projects\alphaengine\intermediate\renderingengine.obj
c:\users\tomislav\documents\visual studio 2015\projects\alphaengine\binaries\core.ilk
c:\users\tomislav\documents\visual studio 2015\projects\alphaengine\binaries\core.exe
c:\users\tomislav\documents\visual studio 2015\projects\alphaengine\binaries\core.pdb
c:\users\tomislav\documents\visual studio 2015\projects\alphaengine\visualstudio\\..\binaries\core.pdb
c:\users\tomislav\documents\visual studio 2015\projects\alphaengine\visualstudio\\..\binaries\core.exe
c:\users\tomislav\documents\visual studio 2015\projects\alphaengine\visualstudio\\..\binaries\core.ilk
c:\users\tomislav\documents\visual studio 2015\projects\alphaengine\intermediate\core.tlog\cl.command.1.tlog
c:\users\tomislav\documents\visual studio 2015\projects\alphaengine\intermediate\core.tlog\cl.read.1.tlog
c:\users\tomislav\documents\visual studio 2015\projects\alphaengine\intermediate\core.tlog\cl.write.1.tlog
c:\users\tomislav\documents\visual studio 2015\projects\alphaengine\intermediate\core.tlog\link.command.1.tlog
c:\users\tomislav\documents\visual studio 2015\projects\alphaengine\intermediate\core.tlog\link.read.1.tlog
c:\users\tomislav\documents\visual studio 2015\projects\alphaengine\intermediate\core.tlog\link.write.1.tlog
